/*C3*/SET SCHEMA PUBLIC
DELETE FROM CUSTOMER WHERE ID=1
DELETE FROM CUSTOMER WHERE ID=2
DELETE FROM ADDRESS WHERE ID=100
DELETE FROM ADDRESS WHERE ID=101
DELETE FROM ADDRESS WHERE ID=102
INSERT INTO CUSTOMER VALUES(1,'JOSE FARIA',914276732,197672337)
INSERT INTO CUSTOMER VALUES(2,'LUIS SANTOS',964294317,168027852)
INSERT INTO ADDRESS VALUES(100,'FCUL, Campo Grande, Lisboa                                                                          ',197672337)
INSERT INTO ADDRESS VALUES(101,'R. 25 de Abril, 101A, Porto                                                                         ',197672337)
INSERT INTO ADDRESS VALUES(102,'Av Neil Armstrong, Cratera Azul, Lua                                                                ',168027852)
COMMIT
DISCONNECT
/*C4*/SET SCHEMA PUBLIC
DELETE FROM CUSTOMER WHERE ID=1
DELETE FROM CUSTOMER WHERE ID=2
DELETE FROM ADDRESS WHERE ID=100
DELETE FROM ADDRESS WHERE ID=101
DELETE FROM ADDRESS WHERE ID=102
INSERT INTO CUSTOMER VALUES(1,'JOSE FARIA',914276732,197672337)
INSERT INTO CUSTOMER VALUES(2,'LUIS SANTOS',964294317,168027852)
INSERT INTO ADDRESS VALUES(100,'FCUL, Campo Grande, Lisboa                                                                          ',197672337)
INSERT INTO ADDRESS VALUES(101,'R. 25 de Abril, 101A, Porto                                                                         ',197672337)
INSERT INTO ADDRESS VALUES(102,'Av Neil Armstrong, Cratera Azul, Lua                                                                ',168027852)
COMMIT
DISCONNECT
/*C5*/SET SCHEMA PUBLIC
DELETE FROM CUSTOMER WHERE ID=1
DELETE FROM CUSTOMER WHERE ID=2
DELETE FROM ADDRESS WHERE ID=100
DELETE FROM ADDRESS WHERE ID=101
DELETE FROM ADDRESS WHERE ID=102
INSERT INTO CUSTOMER VALUES(1,'JOSE FARIA',914276732,197672337)
INSERT INTO CUSTOMER VALUES(2,'LUIS SANTOS',964294317,168027852)
INSERT INTO ADDRESS VALUES(100,'FCUL, Campo Grande, Lisboa                                                                          ',197672337)
INSERT INTO ADDRESS VALUES(101,'R. 25 de Abril, 101A, Porto                                                                         ',197672337)
INSERT INTO ADDRESS VALUES(102,'Av Neil Armstrong, Cratera Azul, Lua                                                                ',168027852)
COMMIT
DISCONNECT
